<?xml version="1.0" encoding="UTF-8"?>
<!-- Generated by org.testng.reporters.JUnitReportReporter -->
<testsuite hostname="LAPTOP-97DH9VOH" failures="0" tests="3" name="testngg.Program7" time="0.010" errors="0" timestamp="2023-12-07T21:04:23 IST" skipped="0">
  <testcase classname="testngg.Program7" name="login1" time="0.008"/>
  <system-out>
    <![CDATA[LOGIN PASS1]]>
  </system-out>
  <testcase classname="testngg.Program7" name="login2" time="0.001"/>
  <system-out>
    <![CDATA[LOGIN PASS2]]>
  </system-out>
  <testcase classname="testngg.Program7" name="login3" time="0.001"/>
  <system-out>
    <![CDATA[LOGIN PASS3]]>
  </system-out>
</testsuite> <!-- testngg.Program7 -->
