<?xml version="1.0" encoding="UTF-8"?>
<!-- Generated by org.testng.reporters.JUnitReportReporter -->
<testsuite hostname="LAPTOP-97DH9VOH" failures="0" tests="4" name="testngg.Program3" time="0.014" errors="0" timestamp="2023-12-06T20:49:25 IST" skipped="1">
  <testcase classname="testngg.Program3" name="paymentupi" time="0.006"/>
  <system-out/>
  <testcase classname="testngg.Program3" name="paymentcash" time="0.001"/>
  <system-out/>
  <testcase classname="testngg.Program3" name="createacc" time="0.007"/>
  <system-out/>
  <testcase classname="testngg.Program3" name="paymentcard">
    <skipped/>
  </testcase> <!-- paymentcard -->
  <system-out/>
</testsuite> <!-- testngg.Program3 -->
