<?xml version="1.0" encoding="UTF-8"?>
<!-- Generated by org.testng.reporters.JUnitReportReporter -->
<testsuite hostname="LAPTOP-97DH9VOH" failures="0" tests="1" name="objectrepository.LoginFbPF" time="5.464" errors="0" timestamp="2023-12-11T20:57:08 IST" skipped="0">
  <testcase classname="objectrepository.LoginFbPF" name="login" time="5.464"/>
  <system-out/>
</testsuite> <!-- objectrepository.LoginFbPF -->
