<?xml version="1.0" encoding="UTF-8"?>
<!-- Generated by org.testng.reporters.JUnitReportReporter -->
<testsuite hostname="LAPTOP-97DH9VOH" failures="0" tests="1" name="testngg.Program1" time="0.009" errors="0" timestamp="2023-12-06T20:42:04 IST" skipped="0">
  <testcase classname="testngg.Program1" name="signup" time="0.009"/>
  <system-out/>
</testsuite> <!-- testngg.Program1 -->
