<?xml version="1.0" encoding="UTF-8"?>
<!-- Generated by org.testng.reporters.JUnitReportReporter -->
<testsuite hostname="LAPTOP-97DH9VOH" failures="0" tests="2" name="testngg.Program" time="0.009" errors="0" timestamp="2023-12-07T20:56:09 IST" skipped="0">
  <testcase classname="testngg.Program" name="m1" time="0.007"/>
  <system-out/>
  <testcase classname="testngg.Program" name="m2" time="0.002"/>
  <system-out/>
</testsuite> <!-- testngg.Program -->
