<?xml version="1.0" encoding="UTF-8"?>
<!-- Generated by org.testng.reporters.JUnitReportReporter -->
<testsuite hostname="LAPTOP-97DH9VOH" failures="0" tests="3" name="testngg.Program5" time="0.012" errors="0" timestamp="2023-12-07T20:46:40 IST" skipped="0">
  <testcase classname="testngg.Program5" name="login" time="0.002"/>
  <system-out/>
  <testcase classname="testngg.Program5" name="login" time="0.002"/>
  <system-out/>
  <testcase classname="testngg.Program5" name="login" time="0.008"/>
  <system-out/>
</testsuite> <!-- testngg.Program5 -->
